<?xml version="1.0" encoding="UTF-8"?>
<testng-results skipped="0" failed="0" total="2" passed="2">
  <reporter-output>
  </reporter-output>
  <suite name="Default suite" duration-ms="5763" started-at="2020-02-27T15:36:05Z" finished-at="2020-02-27T15:36:11Z">
    <groups>
    </groups>
    <test name="Default test" duration-ms="5763" started-at="2020-02-27T15:36:05Z" finished-at="2020-02-27T15:36:11Z">
      <class name="org.rest.automation.RestAutomation.EndTests">
        <test-method status="PASS" signature="testCommandLine()[pri:0, instance:org.rest.automation.RestAutomation.EndTests@6ea12c19]" name="testCommandLine" duration-ms="4368" started-at="2020-02-27T21:06:05Z" finished-at="2020-02-27T21:06:09Z">
          <reporter-output>
          </reporter-output>
        </test-method> <!-- testCommandLine -->
        <test-method status="PASS" signature="testWebapp()[pri:0, instance:org.rest.automation.RestAutomation.EndTests@6ea12c19]" name="testWebapp" duration-ms="1372" started-at="2020-02-27T21:06:09Z" finished-at="2020-02-27T21:06:11Z">
          <reporter-output>
          </reporter-output>
        </test-method> <!-- testWebapp -->
      </class> <!-- org.rest.automation.RestAutomation.EndTests -->
    </test> <!-- Default test -->
  </suite> <!-- Default suite -->
</testng-results>
